#DEFINE IK_UNIQUE_KEY		2
Error in line 58: Constant is already created with #DEFINE.
#DEFINE IB_DISPLAYCLASSLIBRARY	"Fw\Comunes\Vcx\Abm_Form.vcx"
Error in line 198: Constant is already created with #DEFINE.
#DEFINE IB_CHECKBOX				"crud_checkbox"
Error in line 200: Constant is already created with #DEFINE.
#DEFINE IB_COMBO				"cbo_base"
Error in line 202: Constant is already created with #DEFINE.
#DEFINE IB_DATE					"crud_date"
Error in line 204: Constant is already created with #DEFINE.
#DEFINE IB_EDITBOX				""
Error in line 206: Constant is already created with #DEFINE.
#DEFINE IB_LISTBOX				""
Error in line 208: Constant is already created with #DEFINE.
#DEFINE IB_NUMERIC				"crud_numerico"
Error in line 210: Constant is already created with #DEFINE.
#DEFINE IB_OPTION				""
Error in line 212: Constant is already created with #DEFINE.
#DEFINE IB_STRING				"crud_texto"
Error in line 214: Constant is already created with #DEFINE.
